<?xml version="1.0" encoding="UTF-8"?>
<!-- Generated by org.testng.reporters.JUnitReportReporter -->
<testsuite hostname="ASDW0014" name="com.qait.cnowsmoke.tests.CNow_Smoke_Instructor_Homework_AST_Reading_Test_Assignment_Creation" tests="7" failures="0" timestamp="27 Apr 2016 06:40:39 GMT" time="0.000" errors="7">
  <testcase name="Test02_selectBookFromSSODashBoard" time="0.000" classname="com.qait.cnowsmoke.tests.CNow_Smoke_Instructor_Homework_AST_Reading_Test_Assignment_Creation">
    <error type="java.lang.Throwable" message="Method CNow_Smoke_Instructor_Homework_AST_Reading_Test_Assignment_Creation.Test02_selectBookFromSSODashBoard()[pri:0, instance:com.qait.cnowsmoke.tests.CNow_Smoke_Instructor_Homework_AST_Reading_Test_Assignment_Creation@60f82f98] depends on not successfully finished methods">
      <![CDATA[java.lang.Throwable: Method CNow_Smoke_Instructor_Homework_AST_Reading_Test_Assignment_Creation.Test02_selectBookFromSSODashBoard()[pri:0, instance:com.qait.cnowsmoke.tests.CNow_Smoke_Instructor_Homework_AST_Reading_Test_Assignment_Creation@60f82f98] depends on not successfully finished methods
	at org.testng.internal.Invoker.invokeTestMethods(Invoker.java:1039)
	at org.testng.internal.TestMethodWorker.invokeTestMethods(TestMethodWorker.java:129)
	at org.testng.internal.TestMethodWorker.run(TestMethodWorker.java:112)
	at org.testng.TestRunner.privateRun(TestRunner.java:782)
	at org.testng.TestRunner.run(TestRunner.java:632)
	at org.testng.SuiteRunner.runTest(SuiteRunner.java:366)
	at org.testng.SuiteRunner.runSequentially(SuiteRunner.java:361)
	at org.testng.SuiteRunner.privateRun(SuiteRunner.java:319)
	at org.testng.SuiteRunner.run(SuiteRunner.java:268)
	at org.testng.SuiteRunnerWorker.runSuite(SuiteRunnerWorker.java:52)
	at org.testng.SuiteRunnerWorker.run(SuiteRunnerWorker.java:86)
	at org.testng.TestNG.runSuitesSequentially(TestNG.java:1244)
	at org.testng.TestNG.runSuitesLocally(TestNG.java:1169)
	at org.testng.TestNG.run(TestNG.java:1064)
	at org.testng.remote.RemoteTestNG.run(RemoteTestNG.java:113)
	at org.testng.remote.RemoteTestNG.initAndRun(RemoteTestNG.java:206)
	at org.testng.remote.RemoteTestNG.main(RemoteTestNG.java:177)
]]>
    </error>
  </testcase> <!-- Test02_selectBookFromSSODashBoard -->
  <testcase name="Test01_loginToSSODashboard" time="0.000" classname="com.qait.cnowsmoke.tests.CNow_Smoke_Instructor_Homework_AST_Reading_Test_Assignment_Creation">
    <error type="java.lang.IllegalStateException" message="The driver executable does not exist: C:\Users\samnoonafaq\Desktop\cnowsmoke\cnow_smoke\CNOW_Smoke_TestSuite-NewFrameWork\src\test\resources\drivers\chromedriver.exe">
      <![CDATA[java.lang.IllegalStateException: The driver executable does not exist: C:\Users\samnoonafaq\Desktop\cnowsmoke\cnow_smoke\CNOW_Smoke_TestSuite-NewFrameWork\src\test\resources\drivers\chromedriver.exe
	at com.google.common.base.Preconditions.checkState(Preconditions.java:199)
	at org.openqa.selenium.remote.service.DriverService.checkExecutable(DriverService.java:121)
	at org.openqa.selenium.remote.service.DriverService.findExecutable(DriverService.java:116)
	at org.openqa.selenium.chrome.ChromeDriverService.access$000(ChromeDriverService.java:32)
	at org.openqa.selenium.chrome.ChromeDriverService$Builder.findDefaultExecutable(ChromeDriverService.java:137)
	at org.openqa.selenium.remote.service.DriverService$Builder.build(DriverService.java:296)
	at org.openqa.selenium.chrome.ChromeDriverService.createDefaultService(ChromeDriverService.java:88)
	at org.openqa.selenium.chrome.ChromeDriver.<init>(ChromeDriver.java:138)
	at com.qait.automation.WebDriverFactory.getChromeDriver(WebDriverFactory.java:75)
	at com.qait.automation.WebDriverFactory.getDriver(WebDriverFactory.java:34)
	at com.qait.automation.TestSessionInitiator._configureBrowser(TestSessionInitiator.java:101)
	at com.qait.automation.TestSessionInitiator.testInitiator(TestSessionInitiator.java:96)
	at com.qait.automation.TestSessionInitiator.<init>(TestSessionInitiator.java:91)
	at com.qait.cnowsmoke.tests.CNow_Smoke_Instructor_Homework_AST_Reading_Test_Assignment_Creation.start_test_Session(CNow_Smoke_Instructor_Homework_AST_Reading_Test_Assignment_Creation.java:17)
	at sun.reflect.NativeMethodAccessorImpl.invoke0(Native Method)
	at sun.reflect.NativeMethodAccessorImpl.invoke(Unknown Source)
	at sun.reflect.DelegatingMethodAccessorImpl.invoke(Unknown Source)
	at java.lang.reflect.Method.invoke(Unknown Source)
	at org.testng.internal.MethodInvocationHelper.invokeMethod(MethodInvocationHelper.java:86)
	at org.testng.internal.Invoker.invokeConfigurationMethod(Invoker.java:514)
	at org.testng.internal.Invoker.invokeConfigurations(Invoker.java:215)
	at org.testng.internal.Invoker.invokeConfigurations(Invoker.java:142)
	at org.testng.internal.TestMethodWorker.invokeBeforeClassMethods(TestMethodWorker.java:178)
	at org.testng.internal.TestMethodWorker.run(TestMethodWorker.java:108)
	at org.testng.TestRunner.privateRun(TestRunner.java:782)
	at org.testng.TestRunner.run(TestRunner.java:632)
	at org.testng.SuiteRunner.runTest(SuiteRunner.java:366)
	at org.testng.SuiteRunner.runSequentially(SuiteRunner.java:361)
	at org.testng.SuiteRunner.privateRun(SuiteRunner.java:319)
	at org.testng.SuiteRunner.run(SuiteRunner.java:268)
	at org.testng.SuiteRunnerWorker.runSuite(SuiteRunnerWorker.java:52)
	at org.testng.SuiteRunnerWorker.run(SuiteRunnerWorker.java:86)
	at org.testng.TestNG.runSuitesSequentially(TestNG.java:1244)
	at org.testng.TestNG.runSuitesLocally(TestNG.java:1169)
	at org.testng.TestNG.run(TestNG.java:1064)
	at org.testng.remote.RemoteTestNG.run(RemoteTestNG.java:113)
	at org.testng.remote.RemoteTestNG.initAndRun(RemoteTestNG.java:206)
	at org.testng.remote.RemoteTestNG.main(RemoteTestNG.java:177)
]]>
    </error>
  </testcase> <!-- Test01_loginToSSODashboard -->
  <testcase name="Test05_createASTTypeAssignment" time="0.000" classname="com.qait.cnowsmoke.tests.CNow_Smoke_Instructor_Homework_AST_Reading_Test_Assignment_Creation">
    <error type="java.lang.Throwable" message="Method CNow_Smoke_Instructor_Homework_AST_Reading_Test_Assignment_Creation.Test05_createASTTypeAssignment()[pri:0, instance:com.qait.cnowsmoke.tests.CNow_Smoke_Instructor_Homework_AST_Reading_Test_Assignment_Creation@60f82f98] depends on not successfully finished methods">
      <![CDATA[java.lang.Throwable: Method CNow_Smoke_Instructor_Homework_AST_Reading_Test_Assignment_Creation.Test05_createASTTypeAssignment()[pri:0, instance:com.qait.cnowsmoke.tests.CNow_Smoke_Instructor_Homework_AST_Reading_Test_Assignment_Creation@60f82f98] depends on not successfully finished methods
	at org.testng.internal.Invoker.invokeTestMethods(Invoker.java:1039)
	at org.testng.internal.TestMethodWorker.invokeTestMethods(TestMethodWorker.java:129)
	at org.testng.internal.TestMethodWorker.run(TestMethodWorker.java:112)
	at org.testng.TestRunner.privateRun(TestRunner.java:782)
	at org.testng.TestRunner.run(TestRunner.java:632)
	at org.testng.SuiteRunner.runTest(SuiteRunner.java:366)
	at org.testng.SuiteRunner.runSequentially(SuiteRunner.java:361)
	at org.testng.SuiteRunner.privateRun(SuiteRunner.java:319)
	at org.testng.SuiteRunner.run(SuiteRunner.java:268)
	at org.testng.SuiteRunnerWorker.runSuite(SuiteRunnerWorker.java:52)
	at org.testng.SuiteRunnerWorker.run(SuiteRunnerWorker.java:86)
	at org.testng.TestNG.runSuitesSequentially(TestNG.java:1244)
	at org.testng.TestNG.runSuitesLocally(TestNG.java:1169)
	at org.testng.TestNG.run(TestNG.java:1064)
	at org.testng.remote.RemoteTestNG.run(RemoteTestNG.java:113)
	at org.testng.remote.RemoteTestNG.initAndRun(RemoteTestNG.java:206)
	at org.testng.remote.RemoteTestNG.main(RemoteTestNG.java:177)
]]>
    </error>
  </testcase> <!-- Test05_createASTTypeAssignment -->
  <testcase name="Test03_createHomeworkTypeAssignment" time="0.000" classname="com.qait.cnowsmoke.tests.CNow_Smoke_Instructor_Homework_AST_Reading_Test_Assignment_Creation">
    <error type="java.lang.Throwable" message="Method CNow_Smoke_Instructor_Homework_AST_Reading_Test_Assignment_Creation.Test03_createHomeworkTypeAssignment()[pri:0, instance:com.qait.cnowsmoke.tests.CNow_Smoke_Instructor_Homework_AST_Reading_Test_Assignment_Creation@60f82f98] depends on not successfully finished methods">
      <![CDATA[java.lang.Throwable: Method CNow_Smoke_Instructor_Homework_AST_Reading_Test_Assignment_Creation.Test03_createHomeworkTypeAssignment()[pri:0, instance:com.qait.cnowsmoke.tests.CNow_Smoke_Instructor_Homework_AST_Reading_Test_Assignment_Creation@60f82f98] depends on not successfully finished methods
	at org.testng.internal.Invoker.invokeTestMethods(Invoker.java:1039)
	at org.testng.internal.TestMethodWorker.invokeTestMethods(TestMethodWorker.java:129)
	at org.testng.internal.TestMethodWorker.run(TestMethodWorker.java:112)
	at org.testng.TestRunner.privateRun(TestRunner.java:782)
	at org.testng.TestRunner.run(TestRunner.java:632)
	at org.testng.SuiteRunner.runTest(SuiteRunner.java:366)
	at org.testng.SuiteRunner.runSequentially(SuiteRunner.java:361)
	at org.testng.SuiteRunner.privateRun(SuiteRunner.java:319)
	at org.testng.SuiteRunner.run(SuiteRunner.java:268)
	at org.testng.SuiteRunnerWorker.runSuite(SuiteRunnerWorker.java:52)
	at org.testng.SuiteRunnerWorker.run(SuiteRunnerWorker.java:86)
	at org.testng.TestNG.runSuitesSequentially(TestNG.java:1244)
	at org.testng.TestNG.runSuitesLocally(TestNG.java:1169)
	at org.testng.TestNG.run(TestNG.java:1064)
	at org.testng.remote.RemoteTestNG.run(RemoteTestNG.java:113)
	at org.testng.remote.RemoteTestNG.initAndRun(RemoteTestNG.java:206)
	at org.testng.remote.RemoteTestNG.main(RemoteTestNG.java:177)
]]>
    </error>
  </testcase> <!-- Test03_createHomeworkTypeAssignment -->
  <testcase name="Test06_createReadingTypeAssignment" time="0.000" classname="com.qait.cnowsmoke.tests.CNow_Smoke_Instructor_Homework_AST_Reading_Test_Assignment_Creation">
    <error type="java.lang.Throwable" message="Method CNow_Smoke_Instructor_Homework_AST_Reading_Test_Assignment_Creation.Test06_createReadingTypeAssignment()[pri:0, instance:com.qait.cnowsmoke.tests.CNow_Smoke_Instructor_Homework_AST_Reading_Test_Assignment_Creation@60f82f98] depends on not successfully finished methods">
      <![CDATA[java.lang.Throwable: Method CNow_Smoke_Instructor_Homework_AST_Reading_Test_Assignment_Creation.Test06_createReadingTypeAssignment()[pri:0, instance:com.qait.cnowsmoke.tests.CNow_Smoke_Instructor_Homework_AST_Reading_Test_Assignment_Creation@60f82f98] depends on not successfully finished methods
	at org.testng.internal.Invoker.invokeTestMethods(Invoker.java:1039)
	at org.testng.internal.TestMethodWorker.invokeTestMethods(TestMethodWorker.java:129)
	at org.testng.internal.TestMethodWorker.run(TestMethodWorker.java:112)
	at org.testng.TestRunner.privateRun(TestRunner.java:782)
	at org.testng.TestRunner.run(TestRunner.java:632)
	at org.testng.SuiteRunner.runTest(SuiteRunner.java:366)
	at org.testng.SuiteRunner.runSequentially(SuiteRunner.java:361)
	at org.testng.SuiteRunner.privateRun(SuiteRunner.java:319)
	at org.testng.SuiteRunner.run(SuiteRunner.java:268)
	at org.testng.SuiteRunnerWorker.runSuite(SuiteRunnerWorker.java:52)
	at org.testng.SuiteRunnerWorker.run(SuiteRunnerWorker.java:86)
	at org.testng.TestNG.runSuitesSequentially(TestNG.java:1244)
	at org.testng.TestNG.runSuitesLocally(TestNG.java:1169)
	at org.testng.TestNG.run(TestNG.java:1064)
	at org.testng.remote.RemoteTestNG.run(RemoteTestNG.java:113)
	at org.testng.remote.RemoteTestNG.initAndRun(RemoteTestNG.java:206)
	at org.testng.remote.RemoteTestNG.main(RemoteTestNG.java:177)
]]>
    </error>
  </testcase> <!-- Test06_createReadingTypeAssignment -->
  <testcase name="Test07_SignOUT" time="0.000" classname="com.qait.cnowsmoke.tests.CNow_Smoke_Instructor_Homework_AST_Reading_Test_Assignment_Creation">
    <error type="java.lang.Throwable" message="Method CNow_Smoke_Instructor_Homework_AST_Reading_Test_Assignment_Creation.Test07_SignOUT()[pri:0, instance:com.qait.cnowsmoke.tests.CNow_Smoke_Instructor_Homework_AST_Reading_Test_Assignment_Creation@60f82f98] depends on not successfully finished methods">
      <![CDATA[java.lang.Throwable: Method CNow_Smoke_Instructor_Homework_AST_Reading_Test_Assignment_Creation.Test07_SignOUT()[pri:0, instance:com.qait.cnowsmoke.tests.CNow_Smoke_Instructor_Homework_AST_Reading_Test_Assignment_Creation@60f82f98] depends on not successfully finished methods
	at org.testng.internal.Invoker.invokeTestMethods(Invoker.java:1039)
	at org.testng.internal.TestMethodWorker.invokeTestMethods(TestMethodWorker.java:129)
	at org.testng.internal.TestMethodWorker.run(TestMethodWorker.java:112)
	at org.testng.TestRunner.privateRun(TestRunner.java:782)
	at org.testng.TestRunner.run(TestRunner.java:632)
	at org.testng.SuiteRunner.runTest(SuiteRunner.java:366)
	at org.testng.SuiteRunner.runSequentially(SuiteRunner.java:361)
	at org.testng.SuiteRunner.privateRun(SuiteRunner.java:319)
	at org.testng.SuiteRunner.run(SuiteRunner.java:268)
	at org.testng.SuiteRunnerWorker.runSuite(SuiteRunnerWorker.java:52)
	at org.testng.SuiteRunnerWorker.run(SuiteRunnerWorker.java:86)
	at org.testng.TestNG.runSuitesSequentially(TestNG.java:1244)
	at org.testng.TestNG.runSuitesLocally(TestNG.java:1169)
	at org.testng.TestNG.run(TestNG.java:1064)
	at org.testng.remote.RemoteTestNG.run(RemoteTestNG.java:113)
	at org.testng.remote.RemoteTestNG.initAndRun(RemoteTestNG.java:206)
	at org.testng.remote.RemoteTestNG.main(RemoteTestNG.java:177)
]]>
    </error>
  </testcase> <!-- Test07_SignOUT -->
  <testcase name="Test04_createTestTypeAssignment" time="0.000" classname="com.qait.cnowsmoke.tests.CNow_Smoke_Instructor_Homework_AST_Reading_Test_Assignment_Creation">
    <error type="java.lang.Throwable" message="Method CNow_Smoke_Instructor_Homework_AST_Reading_Test_Assignment_Creation.Test04_createTestTypeAssignment()[pri:0, instance:com.qait.cnowsmoke.tests.CNow_Smoke_Instructor_Homework_AST_Reading_Test_Assignment_Creation@60f82f98] depends on not successfully finished methods">
      <![CDATA[java.lang.Throwable: Method CNow_Smoke_Instructor_Homework_AST_Reading_Test_Assignment_Creation.Test04_createTestTypeAssignment()[pri:0, instance:com.qait.cnowsmoke.tests.CNow_Smoke_Instructor_Homework_AST_Reading_Test_Assignment_Creation@60f82f98] depends on not successfully finished methods
	at org.testng.internal.Invoker.invokeTestMethods(Invoker.java:1039)
	at org.testng.internal.TestMethodWorker.invokeTestMethods(TestMethodWorker.java:129)
	at org.testng.internal.TestMethodWorker.run(TestMethodWorker.java:112)
	at org.testng.TestRunner.privateRun(TestRunner.java:782)
	at org.testng.TestRunner.run(TestRunner.java:632)
	at org.testng.SuiteRunner.runTest(SuiteRunner.java:366)
	at org.testng.SuiteRunner.runSequentially(SuiteRunner.java:361)
	at org.testng.SuiteRunner.privateRun(SuiteRunner.java:319)
	at org.testng.SuiteRunner.run(SuiteRunner.java:268)
	at org.testng.SuiteRunnerWorker.runSuite(SuiteRunnerWorker.java:52)
	at org.testng.SuiteRunnerWorker.run(SuiteRunnerWorker.java:86)
	at org.testng.TestNG.runSuitesSequentially(TestNG.java:1244)
	at org.testng.TestNG.runSuitesLocally(TestNG.java:1169)
	at org.testng.TestNG.run(TestNG.java:1064)
	at org.testng.remote.RemoteTestNG.run(RemoteTestNG.java:113)
	at org.testng.remote.RemoteTestNG.initAndRun(RemoteTestNG.java:206)
	at org.testng.remote.RemoteTestNG.main(RemoteTestNG.java:177)
]]>
    </error>
  </testcase> <!-- Test04_createTestTypeAssignment -->
</testsuite> <!-- com.qait.cnowsmoke.tests.CNow_Smoke_Instructor_Homework_AST_Reading_Test_Assignment_Creation -->
