<?xml version="1.0" encoding="UTF-8"?>
<!-- Generated by org.testng.reporters.JUnitXMLReporter -->
<testsuite hostname="ASDW0014" name="Test03_CNow_Smoke_Instructor_Homework_AST_Reading_Test_Assignment_Creation" tests="7" failures="0" timestamp="27 Apr 2016 06:40:38 GMT" time="0.031" errors="0">
  <testcase name="@BeforeClass start_test_Session" time="0.0" classname="com.qait.cnowsmoke.tests.CNow_Smoke_Instructor_Homework_AST_Reading_Test_Assignment_Creation">
    <failure type="java.lang.IllegalStateException" message="The driver executable does not exist: C:\Users\samnoonafaq\Desktop\cnowsmoke\cnow_smoke\CNOW_Smoke_TestSuite-NewFrameWork\src\test\resources\drivers\chromedriver.exe">
      <![CDATA[java.lang.IllegalStateException: The driver executable does not exist: C:\Users\samnoonafaq\Desktop\cnowsmoke\cnow_smoke\CNOW_Smoke_TestSuite-NewFrameWork\src\test\resources\drivers\chromedriver.exe
	at com.google.common.base.Preconditions.checkState(Preconditions.java:199)
	at org.openqa.selenium.remote.service.DriverService.checkExecutable(DriverService.java:121)
	at org.openqa.selenium.remote.service.DriverService.findExecutable(DriverService.java:116)
	at org.openqa.selenium.chrome.ChromeDriverService.access$000(ChromeDriverService.java:32)
	at org.openqa.selenium.chrome.ChromeDriverService$Builder.findDefaultExecutable(ChromeDriverService.java:137)
	at org.openqa.selenium.remote.service.DriverService$Builder.build(DriverService.java:296)
	at org.openqa.selenium.chrome.ChromeDriverService.createDefaultService(ChromeDriverService.java:88)
	at org.openqa.selenium.chrome.ChromeDriver.<init>(ChromeDriver.java:138)
	at com.qait.automation.WebDriverFactory.getChromeDriver(WebDriverFactory.java:75)
	at com.qait.automation.WebDriverFactory.getDriver(WebDriverFactory.java:34)
	at com.qait.automation.TestSessionInitiator._configureBrowser(TestSessionInitiator.java:101)
	at com.qait.automation.TestSessionInitiator.testInitiator(TestSessionInitiator.java:96)
	at com.qait.automation.TestSessionInitiator.<init>(TestSessionInitiator.java:91)
	at com.qait.cnowsmoke.tests.CNow_Smoke_Instructor_Homework_AST_Reading_Test_Assignment_Creation.start_test_Session(CNow_Smoke_Instructor_Homework_AST_Reading_Test_Assignment_Creation.java:17)
... Removed 24 stack frames]]>
    </failure>
  </testcase> <!-- @BeforeClass start_test_Session -->
  <testcase name="@AfterClass stop_test_session" time="0.0" classname="com.qait.cnowsmoke.tests.CNow_Smoke_Instructor_Homework_AST_Reading_Test_Assignment_Creation">
    <skipped/>
  </testcase> <!-- @AfterClass stop_test_session -->
  <testcase name="Test01_loginToSSODashboard" time="0.0" classname="com.qait.cnowsmoke.tests.CNow_Smoke_Instructor_Homework_AST_Reading_Test_Assignment_Creation">
    <skipped/>
  </testcase> <!-- Test01_loginToSSODashboard -->
  <testcase name="Test02_selectBookFromSSODashBoard" time="0.0" classname="com.qait.cnowsmoke.tests.CNow_Smoke_Instructor_Homework_AST_Reading_Test_Assignment_Creation">
    <skipped/>
  </testcase> <!-- Test02_selectBookFromSSODashBoard -->
  <testcase name="Test03_createHomeworkTypeAssignment" time="0.0" classname="com.qait.cnowsmoke.tests.CNow_Smoke_Instructor_Homework_AST_Reading_Test_Assignment_Creation">
    <skipped/>
  </testcase> <!-- Test03_createHomeworkTypeAssignment -->
  <testcase name="Test04_createTestTypeAssignment" time="0.0" classname="com.qait.cnowsmoke.tests.CNow_Smoke_Instructor_Homework_AST_Reading_Test_Assignment_Creation">
    <skipped/>
  </testcase> <!-- Test04_createTestTypeAssignment -->
  <testcase name="Test05_createASTTypeAssignment" time="0.0" classname="com.qait.cnowsmoke.tests.CNow_Smoke_Instructor_Homework_AST_Reading_Test_Assignment_Creation">
    <skipped/>
  </testcase> <!-- Test05_createASTTypeAssignment -->
  <testcase name="Test06_createReadingTypeAssignment" time="0.0" classname="com.qait.cnowsmoke.tests.CNow_Smoke_Instructor_Homework_AST_Reading_Test_Assignment_Creation">
    <skipped/>
  </testcase> <!-- Test06_createReadingTypeAssignment -->
  <testcase name="Test07_SignOUT" time="0.0" classname="com.qait.cnowsmoke.tests.CNow_Smoke_Instructor_Homework_AST_Reading_Test_Assignment_Creation">
    <skipped/>
  </testcase> <!-- Test07_SignOUT -->
</testsuite> <!-- Test03_CNow_Smoke_Instructor_Homework_AST_Reading_Test_Assignment_Creation -->
