<?xml version="1.0" encoding="UTF-8"?>
<!-- Generated by org.testng.reporters.JUnitXMLReporter -->
<testsuite hostname="ASDW0014" name="Test01_CNow_Smoke_Build_Version_Check" tests="1" failures="0" timestamp="27 Apr 2016 06:40:38 GMT" time="0.14" errors="0">
  <testcase name="@BeforeClass start_test_Session" time="0.0" classname="com.qait.cnowsmoke.tests.CNow_Smoke_Build_Version_Check">
    <failure type="java.lang.IllegalStateException" message="The driver executable does not exist: C:\Users\samnoonafaq\Desktop\cnowsmoke\cnow_smoke\CNOW_Smoke_TestSuite-NewFrameWork\src\test\resources\drivers\chromedriver.exe">
      <![CDATA[java.lang.IllegalStateException: The driver executable does not exist: C:\Users\samnoonafaq\Desktop\cnowsmoke\cnow_smoke\CNOW_Smoke_TestSuite-NewFrameWork\src\test\resources\drivers\chromedriver.exe
	at com.google.common.base.Preconditions.checkState(Preconditions.java:199)
	at org.openqa.selenium.remote.service.DriverService.checkExecutable(DriverService.java:121)
	at org.openqa.selenium.remote.service.DriverService.findExecutable(DriverService.java:116)
	at org.openqa.selenium.chrome.ChromeDriverService.access$000(ChromeDriverService.java:32)
	at org.openqa.selenium.chrome.ChromeDriverService$Builder.findDefaultExecutable(ChromeDriverService.java:137)
	at org.openqa.selenium.remote.service.DriverService$Builder.build(DriverService.java:296)
	at org.openqa.selenium.chrome.ChromeDriverService.createDefaultService(ChromeDriverService.java:88)
	at org.openqa.selenium.chrome.ChromeDriver.<init>(ChromeDriver.java:138)
	at com.qait.automation.WebDriverFactory.getChromeDriver(WebDriverFactory.java:75)
	at com.qait.automation.WebDriverFactory.getDriver(WebDriverFactory.java:34)
	at com.qait.automation.TestSessionInitiator._configureBrowser(TestSessionInitiator.java:101)
	at com.qait.automation.TestSessionInitiator.testInitiator(TestSessionInitiator.java:96)
	at com.qait.automation.TestSessionInitiator.<init>(TestSessionInitiator.java:91)
	at com.qait.cnowsmoke.tests.CNow_Smoke_Build_Version_Check.start_test_Session(CNow_Smoke_Build_Version_Check.java:19)
... Removed 24 stack frames]]>
    </failure>
  </testcase> <!-- @BeforeClass start_test_Session -->
  <testcase name="@AfterClass stop_test_session" time="0.0" classname="com.qait.cnowsmoke.tests.CNow_Smoke_Build_Version_Check">
    <skipped/>
  </testcase> <!-- @AfterClass stop_test_session -->
  <testcase name="Test1_checkCNOWBuildVersion" time="0.0" classname="com.qait.cnowsmoke.tests.CNow_Smoke_Build_Version_Check">
    <skipped/>
  </testcase> <!-- Test1_checkCNOWBuildVersion -->
</testsuite> <!-- Test01_CNow_Smoke_Build_Version_Check -->
