<?xml version="1.0" encoding="UTF-8"?>
<!-- Generated by org.testng.reporters.JUnitXMLReporter -->
<testsuite hostname="ASDW0014" name="Test05_CNow_Smoke_Instructor_Gradebook" tests="7" failures="0" timestamp="27 Apr 2016 06:40:38 GMT" time="0.031" errors="0">
  <testcase name="@BeforeClass start_test_Session" time="0.0" classname="com.qait.cnowsmoke.tests.CNow_Smoke_Instructor_Gradebook">
    <failure type="java.lang.IllegalStateException" message="The driver executable does not exist: C:\Users\samnoonafaq\Desktop\cnowsmoke\cnow_smoke\CNOW_Smoke_TestSuite-NewFrameWork\src\test\resources\drivers\chromedriver.exe">
      <![CDATA[java.lang.IllegalStateException: The driver executable does not exist: C:\Users\samnoonafaq\Desktop\cnowsmoke\cnow_smoke\CNOW_Smoke_TestSuite-NewFrameWork\src\test\resources\drivers\chromedriver.exe
	at com.google.common.base.Preconditions.checkState(Preconditions.java:199)
	at org.openqa.selenium.remote.service.DriverService.checkExecutable(DriverService.java:121)
	at org.openqa.selenium.remote.service.DriverService.findExecutable(DriverService.java:116)
	at org.openqa.selenium.chrome.ChromeDriverService.access$000(ChromeDriverService.java:32)
	at org.openqa.selenium.chrome.ChromeDriverService$Builder.findDefaultExecutable(ChromeDriverService.java:137)
	at org.openqa.selenium.remote.service.DriverService$Builder.build(DriverService.java:296)
	at org.openqa.selenium.chrome.ChromeDriverService.createDefaultService(ChromeDriverService.java:88)
	at org.openqa.selenium.chrome.ChromeDriver.<init>(ChromeDriver.java:138)
	at com.qait.automation.WebDriverFactory.getChromeDriver(WebDriverFactory.java:75)
	at com.qait.automation.WebDriverFactory.getDriver(WebDriverFactory.java:34)
	at com.qait.automation.TestSessionInitiator._configureBrowser(TestSessionInitiator.java:101)
	at com.qait.automation.TestSessionInitiator.testInitiator(TestSessionInitiator.java:96)
	at com.qait.automation.TestSessionInitiator.<init>(TestSessionInitiator.java:91)
	at com.qait.cnowsmoke.tests.CNow_Smoke_Instructor_Gradebook.start_test_Session(CNow_Smoke_Instructor_Gradebook.java:18)
... Removed 24 stack frames]]>
    </failure>
  </testcase> <!-- @BeforeClass start_test_Session -->
  <testcase name="@AfterClass stop_test_session" time="0.0" classname="com.qait.cnowsmoke.tests.CNow_Smoke_Instructor_Gradebook">
    <skipped/>
  </testcase> <!-- @AfterClass stop_test_session -->
  <testcase name="Test10_1_VerifyGradesForAST" time="0.0" classname="com.qait.cnowsmoke.tests.CNow_Smoke_Instructor_Gradebook">
    <skipped/>
  </testcase> <!-- Test10_1_VerifyGradesForAST -->
  <testcase name="Test10_3_VerifyGradesForTest" time="0.0" classname="com.qait.cnowsmoke.tests.CNow_Smoke_Instructor_Gradebook">
    <skipped/>
  </testcase> <!-- Test10_3_VerifyGradesForTest -->
  <testcase name="Test10_4_VerifyGradesForReading" time="0.0" classname="com.qait.cnowsmoke.tests.CNow_Smoke_Instructor_Gradebook">
    <skipped/>
  </testcase> <!-- Test10_4_VerifyGradesForReading -->
  <testcase name="Test10_2_VerifyGradesForHomework" time="0.0" classname="com.qait.cnowsmoke.tests.CNow_Smoke_Instructor_Gradebook">
    <skipped/>
  </testcase> <!-- Test10_2_VerifyGradesForHomework -->
  <testcase name="Test11_1_verifyAndDeleteTake" time="0.0" classname="com.qait.cnowsmoke.tests.CNow_Smoke_Instructor_Gradebook">
    <skipped/>
  </testcase> <!-- Test11_1_verifyAndDeleteTake -->
  <testcase name="Test11_2_verifyIncompleteAssignment" time="0.0" classname="com.qait.cnowsmoke.tests.CNow_Smoke_Instructor_Gradebook">
    <skipped/>
  </testcase> <!-- Test11_2_verifyIncompleteAssignment -->
  <testcase name="Test_signOut" time="0.0" classname="com.qait.cnowsmoke.tests.CNow_Smoke_Instructor_Gradebook">
    <skipped/>
  </testcase> <!-- Test_signOut -->
</testsuite> <!-- Test05_CNow_Smoke_Instructor_Gradebook -->
