<?xml version="1.0" encoding="UTF-8"?>
<!-- Generated by org.testng.reporters.JUnitXMLReporter -->
<testsuite hostname="ASDW0014" name="Test04_CNow_Smoke_Student_Assignment_Takes" tests="8" failures="0" timestamp="27 Apr 2016 06:40:38 GMT" time="0.047" errors="0">
  <testcase name="@BeforeClass start_test_Session" time="0.0" classname="com.qait.cnowsmoke.tests.CNow_Smoke_Student_Take_All_Assignments_And_StudyTools">
    <failure type="java.lang.IllegalStateException" message="The driver executable does not exist: C:\Users\samnoonafaq\Desktop\cnowsmoke\cnow_smoke\CNOW_Smoke_TestSuite-NewFrameWork\src\test\resources\drivers\chromedriver.exe">
      <![CDATA[java.lang.IllegalStateException: The driver executable does not exist: C:\Users\samnoonafaq\Desktop\cnowsmoke\cnow_smoke\CNOW_Smoke_TestSuite-NewFrameWork\src\test\resources\drivers\chromedriver.exe
	at com.google.common.base.Preconditions.checkState(Preconditions.java:199)
	at org.openqa.selenium.remote.service.DriverService.checkExecutable(DriverService.java:121)
	at org.openqa.selenium.remote.service.DriverService.findExecutable(DriverService.java:116)
	at org.openqa.selenium.chrome.ChromeDriverService.access$000(ChromeDriverService.java:32)
	at org.openqa.selenium.chrome.ChromeDriverService$Builder.findDefaultExecutable(ChromeDriverService.java:137)
	at org.openqa.selenium.remote.service.DriverService$Builder.build(DriverService.java:296)
	at org.openqa.selenium.chrome.ChromeDriverService.createDefaultService(ChromeDriverService.java:88)
	at org.openqa.selenium.chrome.ChromeDriver.<init>(ChromeDriver.java:138)
	at com.qait.automation.WebDriverFactory.getChromeDriver(WebDriverFactory.java:75)
	at com.qait.automation.WebDriverFactory.getDriver(WebDriverFactory.java:34)
	at com.qait.automation.TestSessionInitiator._configureBrowser(TestSessionInitiator.java:101)
	at com.qait.automation.TestSessionInitiator.testInitiator(TestSessionInitiator.java:96)
	at com.qait.automation.TestSessionInitiator.<init>(TestSessionInitiator.java:91)
	at com.qait.cnowsmoke.tests.CNow_Smoke_Student_Take_All_Assignments_And_StudyTools.start_test_Session(CNow_Smoke_Student_Take_All_Assignments_And_StudyTools.java:19)
... Removed 24 stack frames]]>
    </failure>
  </testcase> <!-- @BeforeClass start_test_Session -->
  <testcase name="@AfterClass afterClass" time="0.0" classname="com.qait.cnowsmoke.tests.CNow_Smoke_Student_Take_All_Assignments_And_StudyTools">
    <skipped/>
  </testcase> <!-- @AfterClass afterClass -->
  <testcase name="Test08_1_studentTakeHomeworkAssignment" time="0.0" classname="com.qait.cnowsmoke.tests.CNow_Smoke_Student_Take_All_Assignments_And_StudyTools">
    <skipped/>
  </testcase> <!-- Test08_1_studentTakeHomeworkAssignment -->
  <testcase name="Test08_2_studentTakeTestAssignment" time="0.0" classname="com.qait.cnowsmoke.tests.CNow_Smoke_Student_Take_All_Assignments_And_StudyTools">
    <skipped/>
  </testcase> <!-- Test08_2_studentTakeTestAssignment -->
  <testcase name="Test08_3_studentTakeReadingAssignment" time="0.0" classname="com.qait.cnowsmoke.tests.CNow_Smoke_Student_Take_All_Assignments_And_StudyTools">
    <skipped/>
  </testcase> <!-- Test08_3_studentTakeReadingAssignment -->
  <testcase name="Test08_4_studentTakeASTAssignment" time="0.0" classname="com.qait.cnowsmoke.tests.CNow_Smoke_Student_Take_All_Assignments_And_StudyTools">
    <skipped/>
  </testcase> <!-- Test08_4_studentTakeASTAssignment -->
  <testcase name="Test13_1_Student_Account_Creation" time="0.0" classname="com.qait.cnowsmoke.tests.CNow_Smoke_Student_Take_All_Assignments_And_StudyTools">
    <skipped/>
  </testcase> <!-- Test13_1_Student_Account_Creation -->
  <testcase name="Test13_2_Student_Enrollment" time="0.0" classname="com.qait.cnowsmoke.tests.CNow_Smoke_Student_Take_All_Assignments_And_StudyTools">
    <skipped/>
  </testcase> <!-- Test13_2_Student_Enrollment -->
  <testcase name="Test13_3_NewAccountMessageVerification" time="0.015" classname="com.qait.cnowsmoke.tests.CNow_Smoke_Student_Take_All_Assignments_And_StudyTools">
    <skipped/>
  </testcase> <!-- Test13_3_NewAccountMessageVerification -->
  <testcase name="Test09_TakeAssignmentFromStudyToolsTab" time="0.0" classname="com.qait.cnowsmoke.tests.CNow_Smoke_Student_Take_All_Assignments_And_StudyTools">
    <skipped/>
  </testcase> <!-- Test09_TakeAssignmentFromStudyToolsTab -->
</testsuite> <!-- Test04_CNow_Smoke_Student_Assignment_Takes -->
